<?xml version="1.0" encoding="UTF-8"?>
<testsuite xmlns:xsi="http://www.w3.org/2001/XMLSchema-instance" xsi:noNamespaceSchemaLocation="https://maven.apache.org/surefire/maven-surefire-plugin/xsd/surefire-test-report-3.0.xsd" version="3.0" name="com.taj.user_service.UserServiceApplicationTests" time="20.682" tests="1" errors="0" skipped="0" failures="0">
  <properties>
[...]
</properties>
  <testcase name="contextLoads" classname="com.taj.user_service.UserServiceApplicationTests" time="2.926">
    <system-out><![CDATA[15:58:52.659 [main] INFO org.springframework.test.context.support.AnnotationConfigContextLoaderUtils -- Could not detect default configuration classes for test class [com.taj.user_service.UserServiceApplicationTests]: UserServiceApplicationTests does not declare any static, non-private, non-final, nested classes annotated with @Configuration.
15:58:52.875 [main] INFO org.springframework.boot.test.context.SpringBootTestContextBootstrapper -- Found @SpringBootConfiguration com.taj.user_service.UserServiceApplication for test class com.taj.user_service.UserServiceApplicationTests
15:58:53.856 [main] INFO org.springframework.boot.devtools.restart.RestartApplicationListener -- Restart disabled due to context in which it is running

  .   ____          _            __ _ _
 /\\ / ___'_ __ _ _(_)_ __  __ _ \ \ \ \
( ( )\___ | '_ | '_| | '_ \/ _` | \ \ \ \
 \\/  ___)| |_)| | | | | || (_| |  ) ) ) )
  '  |____| .__|_| |_|_| |_\__, | / / / /
 =========|_|==============|___/=/_/_/_/
 :: Spring Boot ::                (v3.2.5)

2025-07-07T15:58:55.269+05:30  INFO 21648 --- [user-service] [           main] c.t.u.UserServiceApplicationTests        : Starting UserServiceApplicationTests using Java 17.0.12 with PID 21648 (started by mr-allrounder in E:\Project\user-service)
2025-07-07T15:58:55.274+05:30  INFO 21648 --- [user-service] [           main] c.t.u.UserServiceApplicationTests        : No active profile set, falling back to 1 default profile: "default"
2025-07-07T15:58:57.754+05:30  INFO 21648 --- [user-service] [           main] .s.d.r.c.RepositoryConfigurationDelegate : Bootstrapping Spring Data JPA repositories in DEFAULT mode.
2025-07-07T15:58:58.105+05:30  INFO 21648 --- [user-service] [           main] .s.d.r.c.RepositoryConfigurationDelegate : Finished Spring Data repository scanning in 330 ms. Found 1 JPA repository interface.
2025-07-07T15:58:58.938+05:30  INFO 21648 --- [user-service] [           main] o.s.cloud.context.scope.GenericScope     : BeanFactory id=c4accbb4-a335-3c44-afc0-250067745d1b
2025-07-07T15:59:00.254+05:30  INFO 21648 --- [user-service] [           main] o.hibernate.jpa.internal.util.LogHelper  : HHH000204: Processing PersistenceUnitInfo [name: default]
2025-07-07T15:59:00.430+05:30  INFO 21648 --- [user-service] [           main] org.hibernate.Version                    : HHH000412: Hibernate ORM core version 6.4.4.Final
2025-07-07T15:59:00.604+05:30  INFO 21648 --- [user-service] [           main] o.h.c.internal.RegionFactoryInitiator    : HHH000026: Second-level cache disabled
2025-07-07T15:59:01.474+05:30  INFO 21648 --- [user-service] [           main] o.s.o.j.p.SpringPersistenceUnitInfo      : No LoadTimeWeaver setup: ignoring JPA class transformer
2025-07-07T15:59:01.572+05:30  INFO 21648 --- [user-service] [           main] com.zaxxer.hikari.HikariDataSource       : HikariPool-1 - Starting...
2025-07-07T15:59:02.101+05:30  INFO 21648 --- [user-service] [           main] com.zaxxer.hikari.pool.HikariPool        : HikariPool-1 - Added connection com.mysql.cj.jdbc.ConnectionImpl@ca2cd5e
2025-07-07T15:59:02.106+05:30  INFO 21648 --- [user-service] [           main] com.zaxxer.hikari.HikariDataSource       : HikariPool-1 - Start completed.
2025-07-07T15:59:02.170+05:30  WARN 21648 --- [user-service] [           main] org.hibernate.orm.deprecation            : HHH90000025: MySQL8Dialect does not need to be specified explicitly using 'hibernate.dialect' (remove the property setting and it will be selected by default)
2025-07-07T15:59:02.173+05:30  WARN 21648 --- [user-service] [           main] org.hibernate.orm.deprecation            : HHH90000026: MySQL8Dialect has been deprecated; use org.hibernate.dialect.MySQLDialect instead
2025-07-07T15:59:04.665+05:30  INFO 21648 --- [user-service] [           main] o.h.e.t.j.p.i.JtaPlatformInitiator       : HHH000489: No JTA platform available (set 'hibernate.transaction.jta.platform' to enable JTA platform integration)
2025-07-07T15:59:04.777+05:30  INFO 21648 --- [user-service] [           main] j.LocalContainerEntityManagerFactoryBean : Initialized JPA EntityManagerFactory for persistence unit 'default'
2025-07-07T15:59:06.073+05:30  WARN 21648 --- [user-service] [           main] JpaBaseConfiguration$JpaWebConfiguration : spring.jpa.open-in-view is enabled by default. Therefore, database queries may be performed during view rendering. Explicitly configure spring.jpa.open-in-view to disable this warning
2025-07-07T15:59:08.452+05:30  INFO 21648 --- [user-service] [           main] DiscoveryClientOptionalArgsConfiguration : Eureka HTTP Client uses RestTemplate.
2025-07-07T15:59:08.577+05:30  WARN 21648 --- [user-service] [           main] iguration$LoadBalancerCaffeineWarnLogger : Spring Cloud LoadBalancer is currently working with the default cache. While this cache implementation is useful for development and tests, it's recommended to use Caffeine cache in production.You can switch to using Caffeine cache, by adding it and org.springframework.cache.caffeine.CaffeineCacheManager to the classpath.
2025-07-07T15:59:08.674+05:30  INFO 21648 --- [user-service] [           main] o.s.c.n.eureka.InstanceInfoFactory       : Setting initial instance status as: STARTING
2025-07-07T15:59:08.741+05:30  INFO 21648 --- [user-service] [           main] com.netflix.discovery.DiscoveryClient    : Initializing Eureka in region us-east-1
2025-07-07T15:59:08.753+05:30  INFO 21648 --- [user-service] [           main] c.n.d.s.r.aws.ConfigClusterResolver      : Resolving eureka endpoints via configuration
2025-07-07T15:59:08.778+05:30  INFO 21648 --- [user-service] [           main] com.netflix.discovery.DiscoveryClient    : Disable delta property : false
2025-07-07T15:59:08.779+05:30  INFO 21648 --- [user-service] [           main] com.netflix.discovery.DiscoveryClient    : Single vip registry refresh property : null
2025-07-07T15:59:08.779+05:30  INFO 21648 --- [user-service] [           main] com.netflix.discovery.DiscoveryClient    : Force full registry fetch : false
2025-07-07T15:59:08.779+05:30  INFO 21648 --- [user-service] [           main] com.netflix.discovery.DiscoveryClient    : Application is null : false
2025-07-07T15:59:08.779+05:30  INFO 21648 --- [user-service] [           main] com.netflix.discovery.DiscoveryClient    : Registered Applications size is zero : true
2025-07-07T15:59:08.780+05:30  INFO 21648 --- [user-service] [           main] com.netflix.discovery.DiscoveryClient    : Application version is -1: true
2025-07-07T15:59:08.780+05:30  INFO 21648 --- [user-service] [           main] com.netflix.discovery.DiscoveryClient    : Getting all instance registry info from the eureka server
2025-07-07T15:59:09.754+05:30  INFO 21648 --- [user-service] [           main] com.netflix.discovery.DiscoveryClient    : The response status is 200
2025-07-07T15:59:09.758+05:30  INFO 21648 --- [user-service] [           main] com.netflix.discovery.DiscoveryClient    : Starting heartbeat executor: renew interval is: 30
2025-07-07T15:59:09.762+05:30  INFO 21648 --- [user-service] [           main] c.n.discovery.InstanceInfoReplicator     : InstanceInfoReplicator onDemand update allowed rate per min is 4
2025-07-07T15:59:09.767+05:30  INFO 21648 --- [user-service] [           main] com.netflix.discovery.DiscoveryClient    : Discovery Client initialized at timestamp 1751884149765 with initial instances count: 3
2025-07-07T15:59:09.781+05:30  INFO 21648 --- [user-service] [           main] o.s.c.n.e.s.EurekaServiceRegistry        : Registering application USER-SERVICE with eureka with status UP
2025-07-07T15:59:09.782+05:30  INFO 21648 --- [user-service] [           main] com.netflix.discovery.DiscoveryClient    : Saw local status change event StatusChangeEvent [timestamp=1751884149782, current=UP, previous=STARTING]
2025-07-07T15:59:09.794+05:30  INFO 21648 --- [user-service] [foReplicator-%d] com.netflix.discovery.DiscoveryClient    : DiscoveryClient_USER-SERVICE/DESKTOP-UTJUHLO:user-service:8086: registering service...
2025-07-07T15:59:09.823+05:30  INFO 21648 --- [user-service] [           main] c.t.u.UserServiceApplicationTests        : Started UserServiceApplicationTests in 16.081 seconds (process running for 19.067)
2025-07-07T15:59:09.966+05:30  INFO 21648 --- [user-service] [foReplicator-%d] com.netflix.discovery.DiscoveryClient    : DiscoveryClient_USER-SERVICE/DESKTOP-UTJUHLO:user-service:8086 - registration status: 204
]]></system-out>
  </testcase>
</testsuite>